[2022-08-30 16:50:43,701: INFO: 01_base_model_creation]: 
********************
[2022-08-30 16:50:43,701: INFO: 01_base_model_creation]: >>>>> stage Creating Base Model started <<<<<
[2022-08-30 16:50:43,701: INFO: common]: yaml file: configs/config.yaml loaded successfully
[2022-08-30 16:54:33,075: INFO: 01_base_model_creation]: >>>>> stage Creating Base Model completed!<<<<<

[2022-08-30 17:26:52,549: INFO: 01_base_model_creation]: 
********************
[2022-08-30 17:26:52,549: INFO: 01_base_model_creation]: >>>>> stage Creating Base Model started <<<<<
[2022-08-30 17:26:52,549: INFO: common]: yaml file: configs/config.yaml loaded successfully
[2022-08-30 17:30:26,555: INFO: common]: created directory at: artifacts\models
[2022-08-30 17:30:26,632: INFO: 01_base_model_creation]: Base model is saved at artifacts\models\base_model.h5
[2022-08-30 17:30:26,672: INFO: 01_base_model_creation]: >>>>> stage Creating Base Model completed!<<<<<

[2022-08-30 18:56:44,220: INFO: 01_base_model_creation]: 
********************
[2022-08-30 18:56:44,220: INFO: 01_base_model_creation]: >>>>> stage Creating Base Model started <<<<<
[2022-08-30 18:56:44,220: INFO: common]: yaml file: configs/config.yaml loaded successfully
[2022-08-30 18:56:46,035: ERROR: 01_base_model_creation]: summary() got an unexpected keyword argument 'print_function'
Traceback (most recent call last):
  File "src/01_base_model_creation.py", line 96, in <module>
    main(config_path=parsed_args.config)
  File "src/01_base_model_creation.py", line 64, in main
    logging.info(f"{STAGE} model summary: \n{_log_model_summary(model)}")
  File "src/01_base_model_creation.py", line 60, in _log_model_summary
    model.summary(print_function = lambda x: stream.write(f"{x}\n"))
TypeError: summary() got an unexpected keyword argument 'print_function'
[2022-08-30 18:57:11,040: INFO: 01_base_model_creation]: 
********************
[2022-08-30 18:57:11,040: INFO: 01_base_model_creation]: >>>>> stage Creating Base Model started <<<<<
[2022-08-30 18:57:11,040: INFO: common]: yaml file: configs/config.yaml loaded successfully
[2022-08-30 18:57:12,909: INFO: 01_base_model_creation]: Creating Base Model model summary: 
Model: "sequential"
_________________________________________________________________
 Layer (type)                Output Shape              Param #   
=================================================================
 inputLayer (Flatten)        (None, 784)               0         
                                                                 
 hiddenLayer1 (Dense)        (None, 300)               235500    
                                                                 
 leaky_re_lu (LeakyReLU)     (None, 300)               0         
                                                                 
 hiddenLayer2 (Dense)        (None, 100)               30100     
                                                                 
 leaky_re_lu_1 (LeakyReLU)   (None, 100)               0         
                                                                 
 outputLayer (Dense)         (None, 10)                1010      
                                                                 
=================================================================
Total params: 266,610
Trainable params: 266,610
Non-trainable params: 0
_________________________________________________________________

[2022-08-30 18:59:52,943: INFO: common]: created directory at: artifacts\models
[2022-08-30 18:59:52,957: INFO: 01_base_model_creation]: Base model is saved at artifacts\models\base_model.h5
[2022-08-30 18:59:53,382: INFO: 01_base_model_creation]: Evaluation metrics [0.23531730473041534, 0.932200014591217]
[2022-08-30 18:59:53,410: INFO: 01_base_model_creation]: >>>>> stage Creating Base Model completed!<<<<<

